<?xml version="1.0" encoding="UTF-8"?>
<!-- Generated by org.testng.reporters.JUnitReportReporter -->
<testsuite hostname="MACC02VX0WFHTDD-3.local" name="pers.xiaoming.hibernate.command.optimisticlock.DirtyReadTest" tests="1" failures="0" timestamp="1 Apr 2018 18:18:31 GMT" time="0.008" errors="0">
  <testcase name="test" time="0.008" classname="pers.xiaoming.hibernate.command.optimisticlock.DirtyReadTest"/>
</testsuite> <!-- pers.xiaoming.hibernate.command.optimisticlock.DirtyReadTest -->
